<?xml version="1.0" encoding="utf-8" standalone="no"?>
<test-results xmlns:xsi="http://www.w3.org/2001/XMLSchema-instance" xsi:noNamespaceSchemaLocation="nunit_schema_2.5.xsd" name="TMF.ModuleSpecific.Tests" total="14" errors="0" failures="0" not-run="0" inconclusive="0" ignored="0" skipped="0" invalid="0" date="2022-05-20" time="09:49:30">
  <environment clr-version="Unknown" nunit-version="2.5.8.0" machine-name="VWGSWOL001Q7" os-version="10.0.19042" user="AV01UM7" platform="Microsoft Windows 10 Enterprise|C:\WINDOWS|\Device\Harddisk0\Partition4" cwd="C:\Users\av01um7\repos\tenant-management-framework" user-domain="VW" />
  <culture-info current-culture="de-DE" current-uiculture="en-US" />
  <test-suite type="TestFixture" name="TMF.ModuleSpecific.Tests" executed="True" result="Success" success="True" time="85.7579" asserts="0" description="Pester">
    <results>
      <test-suite type="TestFixture" name="C:\Users\av01um7\repos\tenant-management-framework\tests\tmf\Tmf.General.Tests.ps1" executed="True" result="Success" success="True" time="85.7579" asserts="0" description="C:\Users\av01um7\repos\tenant-management-framework\tests\tmf\Tmf.General.Tests.ps1">
        <results>
          <test-suite type="TestFixture" name="Tmf.General.Config.Creation" executed="True" result="Success" success="True" time="0.2816" asserts="0" description="Tmf.General.Config.Creation">
            <results>
              <test-case description="should successfully create new TMF configuration" name="Tmf.General.Config.Creation.should successfully create new TMF configuration" time="0.2726" asserts="0" success="True" result="Success" executed="True" />
            </results>
          </test-suite>
          <test-suite type="TestFixture" name="Tmf.General.Config.Processing" executed="True" result="Success" success="True" time="0.5833" asserts="0" description="Tmf.General.Config.Processing">
            <results>
              <test-case description="should successfully activate TMF configuration" name="Tmf.General.Config.Processing.should successfully activate TMF configuration" time="0.2666" asserts="0" success="True" result="Success" executed="True" />
            </results>
          </test-suite>
          <test-suite type="TestFixture" name="Tmf.General.Invoke.Creation" executed="True" result="Success" success="True" time="57.794" asserts="0" description="Tmf.General.Invoke.Creation">
            <results>
              <test-case description="should successfully test the TMF configuration" name="Tmf.General.Invoke.Creation.should successfully test the TMF configuration" time="12.1529" asserts="0" success="True" result="Success" executed="True" />
              <test-case description="should successfully invoke the TMF configuration" name="Tmf.General.Invoke.Creation.should successfully invoke the TMF configuration" time="13.9081" asserts="0" success="True" result="Success" executed="True" />
              <test-suite type="ParameterizedTest" name="Tmf.General.Invoke.Creation.should have created &lt;displayName&gt; (uri: &lt;uri&gt;)" executed="True" result="Success" success="True" time="31.1436" asserts="0" description="should have created &lt;displayName&gt; (uri: &lt;uri&gt;)">
                <results>
                  <test-case description="should have created Test - 20220520 - Trusted Named Location (uri: https://graph.microsoft.com/beta/identity/conditionalAccess/namedLocations)" name="Tmf.General.Invoke.Creation.should have created Test - 20220520 - Trusted Named Location (uri: https://graph.microsoft.com/beta/identity/conditionalAccess/namedLocations)" time="10.339" asserts="0" success="True" result="Success" executed="True" />
                  <test-case description="should have created Test - 20220520 - Group for conditionalAccessPolicies (uri: https://graph.microsoft.com/beta/groups)" name="Tmf.General.Invoke.Creation.should have created Test - 20220520 - Group for conditionalAccessPolicies (uri: https://graph.microsoft.com/beta/groups)" time="10.462" asserts="0" success="True" result="Success" executed="True" />
                  <test-case description="should have created Test - 20220520 - Group for conditionalAccessPolicies 2 (uri: https://graph.microsoft.com/beta/groups)" name="Tmf.General.Invoke.Creation.should have created Test - 20220520 - Group for conditionalAccessPolicies 2 (uri: https://graph.microsoft.com/beta/groups)" time="10.3426" asserts="0" success="True" result="Success" executed="True" />
                </results>
              </test-suite>
            </results>
          </test-suite>
          <test-suite type="TestFixture" name="Tmf.General.Invoke.Deletion" executed="True" result="Success" success="True" time="85.2032" asserts="0" description="Tmf.General.Invoke.Deletion">
            <results>
              <test-case description="should successfully reload the TMF configuration" name="Tmf.General.Invoke.Deletion.should successfully reload the TMF configuration" time="0.1625" asserts="0" success="True" result="Success" executed="True" />
              <test-case description="should successfully test the TMF configuration" name="Tmf.General.Invoke.Deletion.should successfully test the TMF configuration" time="2.2035" asserts="0" success="True" result="Success" executed="True" />
              <test-case description="should successfully invoke the TMF configuration" name="Tmf.General.Invoke.Deletion.should successfully invoke the TMF configuration" time="4.0241" asserts="0" success="True" result="Success" executed="True" />
              <test-suite type="ParameterizedTest" name="Tmf.General.Invoke.Deletion.should have deleted &lt;displayName&gt; (uri: &lt;uri&gt;)" executed="True" result="Success" success="True" time="10.9865" asserts="0" description="should have deleted &lt;displayName&gt; (uri: &lt;uri&gt;)">
                <results>
                  <test-case description="should have deleted Test - 20220520 - Trusted Named Location (uri: https://graph.microsoft.com/beta/identity/conditionalAccess/namedLocations)" name="Tmf.General.Invoke.Deletion.should have deleted Test - 20220520 - Trusted Named Location (uri: https://graph.microsoft.com/beta/identity/conditionalAccess/namedLocations)" time="10.4372" asserts="0" success="True" result="Success" executed="True" />
                  <test-case description="should have deleted Test - 20220520 - Group for conditionalAccessPolicies (uri: https://graph.microsoft.com/beta/groups)" name="Tmf.General.Invoke.Deletion.should have deleted Test - 20220520 - Group for conditionalAccessPolicies (uri: https://graph.microsoft.com/beta/groups)" time="0.2666" asserts="0" success="True" result="Success" executed="True" />
                  <test-case description="should have deleted Test - 20220520 - Group for conditionalAccessPolicies 2 (uri: https://graph.microsoft.com/beta/groups)" name="Tmf.General.Invoke.Deletion.should have deleted Test - 20220520 - Group for conditionalAccessPolicies 2 (uri: https://graph.microsoft.com/beta/groups)" time="0.2826" asserts="0" success="True" result="Success" executed="True" />
                </results>
              </test-suite>
            </results>
          </test-suite>
          <test-suite type="TestFixture" name="Tmf.General.Config.Cleanup" executed="True" result="Success" success="True" time="85.2264" asserts="0" description="Tmf.General.Config.Cleanup">
            <results>
              <test-case description="should successfully deactivate TMF configuration" name="Tmf.General.Config.Cleanup.should successfully deactivate TMF configuration" time="0.0175" asserts="0" success="True" result="Success" executed="True" />
            </results>
          </test-suite>
        </results>
      </test-suite>
    </results>
  </test-suite>
</test-results>