<?xml version="1.0" encoding="utf-8" standalone="no"?>
<test-results xmlns:xsi="http://www.w3.org/2001/XMLSchema-instance" xsi:noNamespaceSchemaLocation="nunit_schema_2.5.xsd" name="TMF.ModuleSpecific.Tests" total="21" errors="0" failures="0" not-run="0" inconclusive="0" ignored="0" skipped="0" invalid="0" date="2022-05-20" time="09:40:40">
  <environment clr-version="Unknown" nunit-version="2.5.8.0" machine-name="VWGSWOL001Q7" os-version="10.0.19042" user="AV01UM7" platform="Microsoft Windows 10 Enterprise|C:\WINDOWS|\Device\Harddisk0\Partition4" cwd="C:\Users\av01um7\repos\tenant-management-framework" user-domain="VW" />
  <culture-info current-culture="de-DE" current-uiculture="en-US" />
  <test-suite type="TestFixture" name="TMF.ModuleSpecific.Tests" executed="True" result="Success" success="True" time="23.2108" asserts="0" description="Pester">
    <results>
      <test-suite type="TestFixture" name="C:\Users\av01um7\repos\tenant-management-framework\tests\tmf\Tmf.Groups.Tests.ps1" executed="True" result="Success" success="True" time="23.2108" asserts="0" description="C:\Users\av01um7\repos\tenant-management-framework\tests\tmf\Tmf.Groups.Tests.ps1">
        <results>
          <test-suite type="TestFixture" name="Tmf.Groups.Register" executed="True" result="Success" success="True" time="0.6898" asserts="0" description="Tmf.Groups.Register">
            <results>
              <test-case description="should successfully register group definitions" name="Tmf.Groups.Register.should successfully register group definitions" time="0.5921" asserts="0" success="True" result="Success" executed="True" />
              <test-suite type="ParameterizedTest" name="Tmf.Groups.Register.should throw an exception" executed="True" result="Success" success="True" time="0.0902" asserts="0" description="should throw an exception">
                <results>
                  <test-case description="should throw an exception" name="Tmf.Groups.Register.should throw an exception(System.Collections.Hashtable,&quot;membershipRule requires groupType DynamicMembership&quot;)" time="0.0768" asserts="0" success="True" result="Success" executed="True" />
                  <test-case description="should throw an exception" name="Tmf.Groups.Register.should throw an exception(System.Collections.Hashtable,&quot;membershipRule requires groupType DynamicMembership&quot;)" time="0.0135" asserts="0" success="True" result="Success" executed="True" />
                </results>
              </test-suite>
            </results>
          </test-suite>
          <test-suite type="TestFixture" name="Tmf.Groups.Invoke.Creation" executed="True" result="Success" success="True" time="11.8379" asserts="0" description="Tmf.Groups.Invoke.Creation">
            <results>
              <test-case description="should successfully test the TMF configuration" name="Tmf.Groups.Invoke.Creation.should successfully test the TMF configuration" time="2.7403" asserts="0" success="True" result="Success" executed="True" />
              <test-case description="should successfully invoke the TMF configuration" name="Tmf.Groups.Invoke.Creation.should successfully invoke the TMF configuration" time="5.8449" asserts="0" success="True" result="Success" executed="True" />
              <test-suite type="ParameterizedTest" name="Tmf.Groups.Invoke.Creation.should have created &lt;displayName&gt; (uri: &lt;uri&gt;)" executed="True" result="Success" success="True" time="2.5509" asserts="0" description="should have created &lt;displayName&gt; (uri: &lt;uri&gt;)">
                <results>
                  <test-case description="should have created Test - 20220520 - Security Group (uri: https://graph.microsoft.com/beta/groups)" name="Tmf.Groups.Invoke.Creation.should have created Test - 20220520 - Security Group (uri: https://graph.microsoft.com/beta/groups)" time="0.2601" asserts="0" success="True" result="Success" executed="True" />
                  <test-case description="should have created Test - 20220520 - Security Group - Mail Enabled (uri: https://graph.microsoft.com/beta/groups)" name="Tmf.Groups.Invoke.Creation.should have created Test - 20220520 - Security Group - Mail Enabled (uri: https://graph.microsoft.com/beta/groups)" time="0.2975" asserts="0" success="True" result="Success" executed="True" />
                  <test-case description="should have created Test - 20220520 - Security Group - Dynamic Membership (uri: https://graph.microsoft.com/beta/groups)" name="Tmf.Groups.Invoke.Creation.should have created Test - 20220520 - Security Group - Dynamic Membership (uri: https://graph.microsoft.com/beta/groups)" time="0.5569" asserts="0" success="True" result="Success" executed="True" />
                  <test-case description="should have created Test - 20220520 - M365 Group (uri: https://graph.microsoft.com/beta/groups)" name="Tmf.Groups.Invoke.Creation.should have created Test - 20220520 - M365 Group (uri: https://graph.microsoft.com/beta/groups)" time="0.4344" asserts="0" success="True" result="Success" executed="True" />
                  <test-case description="should have created Test - 20220520 - M365 Group - No Welcome Mail (uri: https://graph.microsoft.com/beta/groups)" name="Tmf.Groups.Invoke.Creation.should have created Test - 20220520 - M365 Group - No Welcome Mail (uri: https://graph.microsoft.com/beta/groups)" time="0.3044" asserts="0" success="True" result="Success" executed="True" />
                  <test-case description="should have created Test - 20220520 - M365 Group - Dynamic Membership (uri: https://graph.microsoft.com/beta/groups)" name="Tmf.Groups.Invoke.Creation.should have created Test - 20220520 - M365 Group - Dynamic Membership (uri: https://graph.microsoft.com/beta/groups)" time="0.3307" asserts="0" success="True" result="Success" executed="True" />
                  <test-case description="should have created Test - 20220520 - Security Group - Assigned Licenses (uri: https://graph.microsoft.com/beta/groups)" name="Tmf.Groups.Invoke.Creation.should have created Test - 20220520 - Security Group - Assigned Licenses (uri: https://graph.microsoft.com/beta/groups)" time="0.3668" asserts="0" success="True" result="Success" executed="True" />
                </results>
              </test-suite>
            </results>
          </test-suite>
          <test-suite type="TestFixture" name="Tmf.General.Invoke.Deletion" executed="True" result="Success" success="True" time="22.5249" asserts="0" description="Tmf.General.Invoke.Deletion">
            <results>
              <test-case description="should successfully register group definitions" name="Tmf.General.Invoke.Deletion.should successfully register group definitions" time="0.061" asserts="0" success="True" result="Success" executed="True" />
              <test-case description="should successfully test the TMF configuration" name="Tmf.General.Invoke.Deletion.should successfully test the TMF configuration" time="2.7166" asserts="0" success="True" result="Success" executed="True" />
              <test-case description="should successfully invoke the TMF configuration" name="Tmf.General.Invoke.Deletion.should successfully invoke the TMF configuration" time="5.6565" asserts="0" success="True" result="Success" executed="True" />
              <test-suite type="ParameterizedTest" name="Tmf.General.Invoke.Deletion.should have deleted &lt;displayName&gt; (uri: &lt;uri&gt;)" executed="True" result="Success" success="True" time="2.1071" asserts="0" description="should have deleted &lt;displayName&gt; (uri: &lt;uri&gt;)">
                <results>
                  <test-case description="should have deleted Test - 20220520 - Security Group (uri: https://graph.microsoft.com/beta/groups)" name="Tmf.General.Invoke.Deletion.should have deleted Test - 20220520 - Security Group (uri: https://graph.microsoft.com/beta/groups)" time="0.2992" asserts="0" success="True" result="Success" executed="True" />
                  <test-case description="should have deleted Test - 20220520 - Security Group - Mail Enabled (uri: https://graph.microsoft.com/beta/groups)" name="Tmf.General.Invoke.Deletion.should have deleted Test - 20220520 - Security Group - Mail Enabled (uri: https://graph.microsoft.com/beta/groups)" time="0.3648" asserts="0" success="True" result="Success" executed="True" />
                  <test-case description="should have deleted Test - 20220520 - Security Group - Dynamic Membership (uri: https://graph.microsoft.com/beta/groups)" name="Tmf.General.Invoke.Deletion.should have deleted Test - 20220520 - Security Group - Dynamic Membership (uri: https://graph.microsoft.com/beta/groups)" time="0.213" asserts="0" success="True" result="Success" executed="True" />
                  <test-case description="should have deleted Test - 20220520 - M365 Group (uri: https://graph.microsoft.com/beta/groups)" name="Tmf.General.Invoke.Deletion.should have deleted Test - 20220520 - M365 Group (uri: https://graph.microsoft.com/beta/groups)" time="0.5168" asserts="0" success="True" result="Success" executed="True" />
                  <test-case description="should have deleted Test - 20220520 - M365 Group - No Welcome Mail (uri: https://graph.microsoft.com/beta/groups)" name="Tmf.General.Invoke.Deletion.should have deleted Test - 20220520 - M365 Group - No Welcome Mail (uri: https://graph.microsoft.com/beta/groups)" time="0.4029" asserts="0" success="True" result="Success" executed="True" />
                  <test-case description="should have deleted Test - 20220520 - M365 Group - Dynamic Membership (uri: https://graph.microsoft.com/beta/groups)" name="Tmf.General.Invoke.Deletion.should have deleted Test - 20220520 - M365 Group - Dynamic Membership (uri: https://graph.microsoft.com/beta/groups)" time="0.3105" asserts="0" success="True" result="Success" executed="True" />
                </results>
              </test-suite>
            </results>
          </test-suite>
        </results>
      </test-suite>
    </results>
  </test-suite>
</test-results>